<?xml version="1.0" encoding="UTF-8"?>
<!-- Generated by org.testng.reporters.JUnitReportReporter -->
<testsuite hostname="DESKTOP-2SBA4P6" failures="0" tests="1" name="OpenCart.register.TC_Reg_002" time="5.354" errors="0" timestamp="2025-09-17T03:43:05 IST" skipped="0">
  <testcase classname="OpenCart.register.TC_Reg_002" name="register" time="5.354"/>
</testsuite> <!-- OpenCart.register.TC_Reg_002 -->
