<?xml version="1.0" encoding="UTF-8"?>
<!-- Generated by org.testng.reporters.JUnitReportReporter -->
<testsuite hostname="DESKTOP-2SBA4P6" failures="0" tests="1" name="OpenCart.register.TC_Reg_005" time="6.059" errors="0" timestamp="2025-09-17T04:21:09 IST" skipped="0">
  <testcase classname="OpenCart.register.TC_Reg_005" name="register" time="6.059"/>
</testsuite> <!-- OpenCart.register.TC_Reg_005 -->
