<?xml version="1.0" encoding="UTF-8"?>
<!-- Generated by org.testng.reporters.JUnitReportReporter -->
<testsuite hostname="DESKTOP-2SBA4P6" failures="0" tests="1" name="OpenCart.login.TC_Login_005" time="4.250" errors="0" timestamp="2025-09-17T05:28:59 IST" skipped="0">
  <testcase classname="OpenCart.login.TC_Login_005" name="login" time="4.250"/>
</testsuite> <!-- OpenCart.login.TC_Login_005 -->
