<?xml version="1.0" encoding="UTF-8"?>
<!-- Generated by org.testng.reporters.JUnitReportReporter -->
<testsuite hostname="DESKTOP-2SBA4P6" failures="0" tests="1" name="OpenCart.login.TC_Login_004" time="4.232" errors="0" timestamp="2025-09-17T05:20:45 IST" skipped="0">
  <testcase classname="OpenCart.login.TC_Login_004" name="login" time="4.232"/>
</testsuite> <!-- OpenCart.login.TC_Login_004 -->
