<?xml version="1.0" encoding="UTF-8"?>
<!-- Generated by org.testng.reporters.JUnitReportReporter -->
<testsuite hostname="DESKTOP-2SBA4P6" failures="0" tests="1" name="OpenCart.product_search.TC_Search_002" time="3.642" errors="0" timestamp="2025-09-17T06:24:54 IST" skipped="0">
  <testcase classname="OpenCart.product_search.TC_Search_002" name="login" time="3.642"/>
</testsuite> <!-- OpenCart.product_search.TC_Search_002 -->
