<?xml version="1.0" encoding="UTF-8"?>
<!-- Generated by org.testng.reporters.JUnitReportReporter -->
<testsuite hostname="DESKTOP-2SBA4P6" failures="0" tests="1" name="OpenCart.cart_checkout.TC_Cart_003" time="8.691" errors="0" timestamp="2025-09-18T00:53:19 IST" skipped="0">
  <testcase classname="OpenCart.cart_checkout.TC_Cart_003" name="cart" time="8.691"/>
</testsuite> <!-- OpenCart.cart_checkout.TC_Cart_003 -->
