<?xml version="1.0" encoding="UTF-8"?>
<!-- Generated by org.testng.reporters.JUnitReportReporter -->
<testsuite hostname="DESKTOP-2SBA4P6" failures="0" tests="1" name="OpenCart.cart_checkout.TC_Cart_005" time="9.751" errors="0" timestamp="2025-09-18T01:31:50 IST" skipped="0">
  <testcase classname="OpenCart.cart_checkout.TC_Cart_005" name="cart" time="9.751"/>
</testsuite> <!-- OpenCart.cart_checkout.TC_Cart_005 -->
